Traceback (most recent call last):
  File "/home/rajiv/Documents/dev/python/mercylog/venv/lib/python3.8/site-packages/jupyter_cache/executors/utils.py", line 51, in single_nb_execution
    executenb(
  File "/home/rajiv/Documents/dev/python/mercylog/venv/lib/python3.8/site-packages/nbclient/client.py", line 1082, in execute
    return NotebookClient(nb=nb, resources=resources, km=km, **kwargs).execute()
  File "/home/rajiv/Documents/dev/python/mercylog/venv/lib/python3.8/site-packages/nbclient/util.py", line 74, in wrapped
    return just_run(coro(*args, **kwargs))
  File "/home/rajiv/Documents/dev/python/mercylog/venv/lib/python3.8/site-packages/nbclient/util.py", line 53, in just_run
    return loop.run_until_complete(coro)
  File "/home/rajiv/.pyenv/versions/3.8.5/lib/python3.8/asyncio/base_events.py", line 616, in run_until_complete
    return future.result()
  File "/home/rajiv/Documents/dev/python/mercylog/venv/lib/python3.8/site-packages/nbclient/client.py", line 535, in async_execute
    await self.async_execute_cell(
  File "/home/rajiv/Documents/dev/python/mercylog/venv/lib/python3.8/site-packages/nbclient/client.py", line 827, in async_execute_cell
    self._check_raise_for_error(cell, exec_reply)
  File "/home/rajiv/Documents/dev/python/mercylog/venv/lib/python3.8/site-packages/nbclient/client.py", line 735, in _check_raise_for_error
    raise CellExecutionError.from_cell_and_msg(cell, exec_reply['content'])
nbclient.exceptions.CellExecutionError: An error occurred while executing the following cell:
------------------
parents_carl =  run_with_filter(database, [], parent(X, "Carl")) 
assert parents_carl == {parent("Bob", "Carl"), parent("Beatrice", "Carl")}

children_bob =  run_with_filter(database, [], parent("Bob", X)) 
assert children_bob == {parent("Bob", "Carl"), parent("Bob", "Connor")}
------------------

[0;31m---------------------------------------------------------------------------[0m
[0;31mNameError[0m                                 Traceback (most recent call last)
[0;32m<ipython-input-8-53b20d0f6cd4>[0m in [0;36m<module>[0;34m[0m
[0;32m----> 1[0;31m [0mparents_carl[0m [0;34m=[0m  [0mrun_with_filter[0m[0;34m([0m[0mdatabase[0m[0;34m,[0m [0;34m[[0m[0;34m][0m[0;34m,[0m [0mparent[0m[0;34m([0m[0mX[0m[0;34m,[0m [0;34m"Carl"[0m[0;34m)[0m[0;34m)[0m[0;34m[0m[0;34m[0m[0m
[0m[1;32m      2[0m [0;32massert[0m [0mparents_carl[0m [0;34m==[0m [0;34m{[0m[0mparent[0m[0;34m([0m[0;34m"Bob"[0m[0;34m,[0m [0;34m"Carl"[0m[0;34m)[0m[0;34m,[0m [0mparent[0m[0;34m([0m[0;34m"Beatrice"[0m[0;34m,[0m [0;34m"Carl"[0m[0;34m)[0m[0;34m}[0m[0;34m[0m[0;34m[0m[0m
[1;32m      3[0m [0;34m[0m[0m
[1;32m      4[0m [0mchildren_bob[0m [0;34m=[0m  [0mrun_with_filter[0m[0;34m([0m[0mdatabase[0m[0;34m,[0m [0;34m[[0m[0;34m][0m[0;34m,[0m [0mparent[0m[0;34m([0m[0;34m"Bob"[0m[0;34m,[0m [0mX[0m[0;34m)[0m[0;34m)[0m[0;34m[0m[0;34m[0m[0m
[1;32m      5[0m [0;32massert[0m [0mchildren_bob[0m [0;34m==[0m [0;34m{[0m[0mparent[0m[0;34m([0m[0;34m"Bob"[0m[0;34m,[0m [0;34m"Carl"[0m[0;34m)[0m[0;34m,[0m [0mparent[0m[0;34m([0m[0;34m"Bob"[0m[0;34m,[0m [0;34m"Connor"[0m[0;34m)[0m[0;34m}[0m[0;34m[0m[0;34m[0m[0m

[0;31mNameError[0m: name 'run_with_filter' is not defined
NameError: name 'run_with_filter' is not defined

